# JRE version: OpenJDK Runtime Environment (8.0_152-b01) (build 1.8.0_152-release-1024-b01)
# Java VM: OpenJDK 64-Bit Server VM (25.152-b01 mixed mode linux-amd64 compressed oops)
Heap:
 PSYoungGen      total 354816K, used 76926K [0x00000000e0000000, 0x0000000100000000, 0x0000000100000000)
  eden space 242176K, 0% used [0x00000000e0000000,0x00000000e0000000,0x00000000eec80000)
  from space 112640K, 68% used [0x00000000eec80000,0x00000000f379f828,0x00000000f5a80000)
  to   space 156160K, 0% used [0x00000000f6780000,0x00000000f6780000,0x0000000100000000)
 ParOldGen       total 313344K, used 313268K [0x00000000a0000000, 0x00000000b3200000, 0x00000000e0000000)
  object space 313344K, 99% used [0x00000000a0000000,0x00000000b31ed048,0x00000000b3200000)
 Metaspace       used 95790K, capacity 99320K, committed 99544K, reserved 1136640K
  class space    used 12160K, capacity 12979K, committed 13056K, reserved 1048576K
GC Heap History (10 events):
Event: 293.848 GC heap after
Heap after GC invocations=23 (full 4):
 PSYoungGen      total 261120K, used 60690K [0x00000000e0000000, 0x00000000f7880000, 0x0000000100000000)
  eden space 185344K, 0% used [0x00000000e0000000,0x00000000e0000000,0x00000000eb500000)
  from space 75776K, 80% used [0x00000000eb500000,0x00000000ef044b48,0x00000000eff00000)
  to   space 83456K, 0% used [0x00000000f2700000,0x00000000f2700000,0x00000000f7880000)
 ParOldGen       total 313344K, used 164105K [0x00000000a0000000, 0x00000000b3200000, 0x00000000e0000000)
  object space 313344K, 52% used [0x00000000a0000000,0x00000000aa0424a0,0x00000000b3200000)
 Metaspace       used 83889K, capacity 86850K, committed 87128K, reserved 1124352K
  class space    used 10842K, capacity 11522K, committed 11648K, reserved 1048576K
}
Event: 299.684 GC heap before
{Heap before GC invocations=24 (full 4):
 PSYoungGen      total 261120K, used 246034K [0x00000000e0000000, 0x00000000f7880000, 0x0000000100000000)
  eden space 185344K, 100% used [0x00000000e0000000,0x00000000eb500000,0x00000000eb500000)
  from space 75776K, 80% used [0x00000000eb500000,0x00000000ef044b48,0x00000000eff00000)
  to   space 83456K, 0% used [0x00000000f2700000,0x00000000f2700000,0x00000000f7880000)
 ParOldGen       total 313344K, used 164105K [0x00000000a0000000, 0x00000000b3200000, 0x00000000e0000000)
  object space 313344K, 52% used [0x00000000a0000000,0x00000000aa0424a0,0x00000000b3200000)
 Metaspace       used 86760K, capacity 89802K, committed 89944K, reserved 1128448K
  class space    used 11109K, capacity 11840K, committed 11904K, reserved 1048576K
Event: 299.770 GC heap after
Heap after GC invocations=24 (full 4):
 PSYoungGen      total 296448K, used 60086K [0x00000000e0000000, 0x00000000f8680000, 0x0000000100000000)
  eden space 212992K, 0% used [0x00000000e0000000,0x00000000e0000000,0x00000000ed000000)
  from space 83456K, 71% used [0x00000000f2700000,0x00000000f61ad8d0,0x00000000f7880000)
  to   space 89088K, 0% used [0x00000000ed000000,0x00000000ed000000,0x00000000f2700000)
 ParOldGen       total 313344K, used 164113K [0x00000000a0000000, 0x00000000b3200000, 0x00000000e0000000)
  object space 313344K, 52% used [0x00000000a0000000,0x00000000aa0444a0,0x00000000b3200000)
 Metaspace       used 86760K, capacity 89802K, committed 89944K, reserved 1128448K
  class space    used 11109K, capacity 11840K, committed 11904K, reserved 1048576K
}
Event: 308.954 GC heap before
{Heap before GC invocations=25 (full 4):
 PSYoungGen      total 296448K, used 273078K [0x00000000e0000000, 0x00000000f8680000, 0x0000000100000000)
  eden space 212992K, 100% used [0x00000000e0000000,0x00000000ed000000,0x00000000ed000000)
  from space 83456K, 71% used [0x00000000f2700000,0x00000000f61ad8d0,0x00000000f7880000)
  to   space 89088K, 0% used [0x00000000ed000000,0x00000000ed000000,0x00000000f2700000)
 ParOldGen       total 313344K, used 164113K [0x00000000a0000000, 0x00000000b3200000, 0x00000000e0000000)
  object space 313344K, 52% used [0x00000000a0000000,0x00000000aa0444a0,0x00000000b3200000)
 Metaspace       used 90433K, capacity 93664K, committed 93784K, reserved 1130496K
  class space    used 11535K, capacity 12305K, committed 12416K, reserved 1048576K
Event: 309.079 GC heap after
Heap after GC invocations=25 (full 4):
 PSYoungGen      total 302080K, used 72284K [0x00000000e0000000, 0x00000000fba80000, 0x0000000100000000)
  eden space 212992K, 0% used [0x00000000e0000000,0x00000000e0000000,0x00000000ed000000)
  from space 89088K, 81% used [0x00000000ed000000,0x00000000f1697160,0x00000000f2700000)
  to   space 98304K, 0% used [0x00000000f5a80000,0x00000000f5a80000,0x00000000fba80000)
 ParOldGen       total 313344K, used 221271K [0x00000000a0000000, 0x00000000b3200000, 0x00000000e0000000)
  object space 313344K, 70% used [0x00000000a0000000,0x00000000ad815d40,0x00000000b3200000)
 Metaspace       used 90433K, capacity 93664K, committed 93784K, reserved 1130496K
  class space    used 11535K, capacity 12305K, committed 12416K, reserved 1048576K
}
Event: 848.438 GC heap before
{Heap before GC invocations=26 (full 4):
 PSYoungGen      total 302080K, used 285276K [0x00000000e0000000, 0x00000000fba80000, 0x0000000100000000)
  eden space 212992K, 100% used [0x00000000e0000000,0x00000000ed000000,0x00000000ed000000)
  from space 89088K, 81% used [0x00000000ed000000,0x00000000f1697160,0x00000000f2700000)
  to   space 98304K, 0% used [0x00000000f5a80000,0x00000000f5a80000,0x00000000fba80000)
 ParOldGen       total 313344K, used 221271K [0x00000000a0000000, 0x00000000b3200000, 0x00000000e0000000)
  object space 313344K, 70% used [0x00000000a0000000,0x00000000ad815d40,0x00000000b3200000)
 Metaspace       used 91743K, capacity 94982K, committed 95192K, reserved 1132544K
  class space    used 11681K, capacity 12458K, committed 12544K, reserved 1048576K
Event: 848.559 GC heap after
Heap after GC invocations=26 (full 4):
 PSYoungGen      total 340480K, used 92566K [0x00000000e0000000, 0x00000000fd100000, 0x0000000100000000)
  eden space 242176K, 0% used [0x00000000e0000000,0x00000000e0000000,0x00000000eec80000)
  from space 98304K, 94% used [0x00000000f5a80000,0x00000000fb4e5a00,0x00000000fba80000)
  to   space 112640K, 0% used [0x00000000eec80000,0x00000000eec80000,0x00000000f5a80000)
 ParOldGen       total 313344K, used 222463K [0x00000000a0000000, 0x00000000b3200000, 0x00000000e0000000)
  object space 313344K, 70% used [0x00000000a0000000,0x00000000ad93fd60,0x00000000b3200000)
 Metaspace       used 91743K, capacity 94982K, committed 95192K, reserved 1132544K
  class space    used 11681K, capacity 12458K, committed 12544K, reserved 1048576K
}
Event: 1110.718 GC heap before
{Heap before GC invocations=27 (full 4):
 PSYoungGen      total 340480K, used 334742K [0x00000000e0000000, 0x00000000fd100000, 0x0000000100000000)
  eden space 242176K, 100% used [0x00000000e0000000,0x00000000eec80000,0x00000000eec80000)
  from space 98304K, 94% used [0x00000000f5a80000,0x00000000fb4e5a00,0x00000000fba80000)
  to   space 112640K, 0% used [0x00000000eec80000,0x00000000eec80000,0x00000000f5a80000)
 ParOldGen       total 313344K, used 222463K [0x00000000a0000000, 0x00000000b3200000, 0x00000000e0000000)
  object space 313344K, 70% used [0x00000000a0000000,0x00000000ad93fd60,0x00000000b3200000)
 Metaspace       used 95790K, capacity 99320K, committed 99544K, reserved 1136640K
  class space    used 12160K, capacity 12979K, committed 13056K, reserved 1048576K
Event: 1110.946 GC heap after
Heap after GC invocations=27 (full 4):
 PSYoungGen      total 354816K, used 112627K [0x00000000e0000000, 0x0000000100000000, 0x0000000100000000)
  eden space 242176K, 0% used [0x00000000e0000000,0x00000000e0000000,0x00000000eec80000)
  from space 112640K, 99% used [0x00000000eec80000,0x00000000f5a7ce60,0x00000000f5a80000)
  to   space 156160K, 0% used [0x00000000f6780000,0x00000000f6780000,0x0000000100000000)
 ParOldGen       total 313344K, used 289188K [0x00000000a0000000, 0x00000000b3200000, 0x00000000e0000000)
  object space 313344K, 92% used [0x00000000a0000000,0x00000000b1a693d8,0x00000000b3200000)
 Metaspace       used 95790K, capacity 99320K, committed 99544K, reserved 1136640K
  class space    used 12160K, capacity 12979K, committed 13056K, reserved 1048576K
}
Event: 1110.946 GC heap before
{Heap before GC invocations=28 (full 5):
 PSYoungGen      total 354816K, used 112627K [0x00000000e0000000, 0x0000000100000000, 0x0000000100000000)
  eden space 242176K, 0% used [0x00000000e0000000,0x00000000e0000000,0x00000000eec80000)
  from space 112640K, 99% used [0x00000000eec80000,0x00000000f5a7ce60,0x00000000f5a80000)
  to   space 156160K, 0% used [0x00000000f6780000,0x00000000f6780000,0x0000000100000000)
 ParOldGen       total 313344K, used 289188K [0x00000000a0000000, 0x00000000b3200000, 0x00000000e0000000)
  object space 313344K, 92% used [0x00000000a0000000,0x00000000b1a693d8,0x00000000b3200000)
 Metaspace       used 95790K, capacity 99320K, committed 99544K, reserved 1136640K
  class space    used 12160K, capacity 12979K, committed 13056K, reserved 1048576K

