# JRE version: OpenJDK Runtime Environment (8.0_152-b01) (build 1.8.0_152-release-1024-b01)
# Java VM: OpenJDK 64-Bit Server VM (25.152-b01 mixed mode linux-amd64 compressed oops)
Heap:
 PSYoungGen      total 370176K, used 0K [0x00000000e0000000, 0x00000000fe980000, 0x0000000100000000)
  eden space 263680K, 0% used [0x00000000e0000000,0x00000000e0000000,0x00000000f0180000)
  from space 106496K, 0% used [0x00000000f8180000,0x00000000f8180000,0x00000000fe980000)
  to   space 118784K, 0% used [0x00000000f0180000,0x00000000f0180000,0x00000000f7580000)
 ParOldGen       total 328704K, used 318048K [0x00000000a0000000, 0x00000000b4100000, 0x00000000e0000000)
  object space 328704K, 96% used [0x00000000a0000000,0x00000000b3698370,0x00000000b4100000)
 Metaspace       used 92774K, capacity 96078K, committed 96344K, reserved 1132544K
  class space    used 11888K, capacity 12612K, committed 12672K, reserved 1048576K
GC Heap History (10 events):
Event: 361.757 GC heap after
Heap after GC invocations=22 (full 3):
 PSYoungGen      total 249856K, used 64501K [0x00000000e0000000, 0x00000000f9000000, 0x0000000100000000)
  eden space 185344K, 0% used [0x00000000e0000000,0x00000000e0000000,0x00000000eb500000)
  from space 64512K, 99% used [0x00000000eb500000,0x00000000ef3fd768,0x00000000ef400000)
  to   space 90624K, 0% used [0x00000000f3780000,0x00000000f3780000,0x00000000f9000000)
 ParOldGen       total 158720K, used 158460K [0x00000000a0000000, 0x00000000a9b00000, 0x00000000e0000000)
  object space 158720K, 99% used [0x00000000a0000000,0x00000000a9abf268,0x00000000a9b00000)
 Metaspace       used 85464K, capacity 88746K, committed 88920K, reserved 1126400K
  class space    used 11079K, capacity 11832K, committed 11904K, reserved 1048576K
}
Event: 361.757 GC heap before
{Heap before GC invocations=23 (full 4):
 PSYoungGen      total 249856K, used 64501K [0x00000000e0000000, 0x00000000f9000000, 0x0000000100000000)
  eden space 185344K, 0% used [0x00000000e0000000,0x00000000e0000000,0x00000000eb500000)
  from space 64512K, 99% used [0x00000000eb500000,0x00000000ef3fd768,0x00000000ef400000)
  to   space 90624K, 0% used [0x00000000f3780000,0x00000000f3780000,0x00000000f9000000)
 ParOldGen       total 158720K, used 158460K [0x00000000a0000000, 0x00000000a9b00000, 0x00000000e0000000)
  object space 158720K, 99% used [0x00000000a0000000,0x00000000a9abf268,0x00000000a9b00000)
 Metaspace       used 85464K, capacity 88746K, committed 88920K, reserved 1126400K
  class space    used 11079K, capacity 11832K, committed 11904K, reserved 1048576K
Event: 362.752 GC heap after
Heap after GC invocations=23 (full 4):
 PSYoungGen      total 249856K, used 48527K [0x00000000e0000000, 0x00000000f9000000, 0x0000000100000000)
  eden space 185344K, 0% used [0x00000000e0000000,0x00000000e0000000,0x00000000eb500000)
  from space 64512K, 75% used [0x00000000eb500000,0x00000000ee463e28,0x00000000ef400000)
  to   space 90624K, 0% used [0x00000000f3780000,0x00000000f3780000,0x00000000f9000000)
 ParOldGen       total 328704K, used 158557K [0x00000000a0000000, 0x00000000b4100000, 0x00000000e0000000)
  object space 328704K, 48% used [0x00000000a0000000,0x00000000a9ad74c0,0x00000000b4100000)
 Metaspace       used 85351K, capacity 88452K, committed 88920K, reserved 1126400K
  class space    used 11040K, capacity 11765K, committed 11904K, reserved 1048576K
}
Event: 949.145 GC heap before
{Heap before GC invocations=24 (full 4):
 PSYoungGen      total 249856K, used 233871K [0x00000000e0000000, 0x00000000f9000000, 0x0000000100000000)
  eden space 185344K, 100% used [0x00000000e0000000,0x00000000eb500000,0x00000000eb500000)
  from space 64512K, 75% used [0x00000000eb500000,0x00000000ee463e28,0x00000000ef400000)
  to   space 90624K, 0% used [0x00000000f3780000,0x00000000f3780000,0x00000000f9000000)
 ParOldGen       total 328704K, used 158557K [0x00000000a0000000, 0x00000000b4100000, 0x00000000e0000000)
  object space 328704K, 48% used [0x00000000a0000000,0x00000000a9ad74c0,0x00000000b4100000)
 Metaspace       used 87687K, capacity 90730K, committed 91224K, reserved 1128448K
  class space    used 11324K, capacity 12013K, committed 12160K, reserved 1048576K
Event: 949.307 GC heap after
Heap after GC invocations=24 (full 4):
 PSYoungGen      total 314880K, used 60292K [0x00000000e0000000, 0x00000000f9680000, 0x0000000100000000)
  eden space 224256K, 0% used [0x00000000e0000000,0x00000000e0000000,0x00000000edb00000)
  from space 90624K, 66% used [0x00000000f3780000,0x00000000f72610b0,0x00000000f9000000)
  to   space 94720K, 0% used [0x00000000edb00000,0x00000000edb00000,0x00000000f3780000)
 ParOldGen       total 328704K, used 176236K [0x00000000a0000000, 0x00000000b4100000, 0x00000000e0000000)
  object space 328704K, 53% used [0x00000000a0000000,0x00000000aac1b3a0,0x00000000b4100000)
 Metaspace       used 87687K, capacity 90730K, committed 91224K, reserved 1128448K
  class space    used 11324K, capacity 12013K, committed 12160K, reserved 1048576K
}
Event: 1033.270 GC heap before
{Heap before GC invocations=25 (full 4):
 PSYoungGen      total 314880K, used 284548K [0x00000000e0000000, 0x00000000f9680000, 0x0000000100000000)
  eden space 224256K, 100% used [0x00000000e0000000,0x00000000edb00000,0x00000000edb00000)
  from space 90624K, 66% used [0x00000000f3780000,0x00000000f72610b0,0x00000000f9000000)
  to   space 94720K, 0% used [0x00000000edb00000,0x00000000edb00000,0x00000000f3780000)
 ParOldGen       total 328704K, used 176236K [0x00000000a0000000, 0x00000000b4100000, 0x00000000e0000000)
  object space 328704K, 53% used [0x00000000a0000000,0x00000000aac1b3a0,0x00000000b4100000)
 Metaspace       used 91594K, capacity 94768K, committed 94936K, reserved 1132544K
  class space    used 11733K, capacity 12438K, committed 12544K, reserved 1048576K
Event: 1033.451 GC heap after
Heap after GC invocations=25 (full 4):
 PSYoungGen      total 318976K, used 94706K [0x00000000e0000000, 0x00000000ffc00000, 0x0000000100000000)
  eden space 224256K, 0% used [0x00000000e0000000,0x00000000e0000000,0x00000000edb00000)
  from space 94720K, 99% used [0x00000000edb00000,0x00000000f377c928,0x00000000f3780000)
  to   space 125440K, 0% used [0x00000000f8180000,0x00000000f8180000,0x00000000ffc00000)
 ParOldGen       total 328704K, used 215180K [0x00000000a0000000, 0x00000000b4100000, 0x00000000e0000000)
  object space 328704K, 65% used [0x00000000a0000000,0x00000000ad223310,0x00000000b4100000)
 Metaspace       used 91594K, capacity 94768K, committed 94936K, reserved 1132544K
  class space    used 11733K, capacity 12438K, committed 12544K, reserved 1048576K
}
Event: 1267.298 GC heap before
{Heap before GC invocations=26 (full 4):
 PSYoungGen      total 318976K, used 318962K [0x00000000e0000000, 0x00000000ffc00000, 0x0000000100000000)
  eden space 224256K, 100% used [0x00000000e0000000,0x00000000edb00000,0x00000000edb00000)
  from space 94720K, 99% used [0x00000000edb00000,0x00000000f377c928,0x00000000f3780000)
  to   space 125440K, 0% used [0x00000000f8180000,0x00000000f8180000,0x00000000ffc00000)
 ParOldGen       total 328704K, used 215180K [0x00000000a0000000, 0x00000000b4100000, 0x00000000e0000000)
  object space 328704K, 65% used [0x00000000a0000000,0x00000000ad223310,0x00000000b4100000)
 Metaspace       used 92781K, capacity 96090K, committed 96344K, reserved 1132544K
  class space    used 11890K, capacity 12615K, committed 12672K, reserved 1048576K
Event: 1267.556 GC heap after
Heap after GC invocations=26 (full 4):
 PSYoungGen      total 370176K, used 36411K [0x00000000e0000000, 0x00000000fe980000, 0x0000000100000000)
  eden space 263680K, 0% used [0x00000000e0000000,0x00000000e0000000,0x00000000f0180000)
  from space 106496K, 34% used [0x00000000f8180000,0x00000000fa50ed70,0x00000000fe980000)
  to   space 118784K, 0% used [0x00000000f0180000,0x00000000f0180000,0x00000000f7580000)
 ParOldGen       total 328704K, used 297730K [0x00000000a0000000, 0x00000000b4100000, 0x00000000e0000000)
  object space 328704K, 90% used [0x00000000a0000000,0x00000000b22c0a08,0x00000000b4100000)
 Metaspace       used 92781K, capacity 96090K, committed 96344K, reserved 1132544K
  class space    used 11890K, capacity 12615K, committed 12672K, reserved 1048576K
}
Event: 1267.556 GC heap before
{Heap before GC invocations=27 (full 5):
 PSYoungGen      total 370176K, used 36411K [0x00000000e0000000, 0x00000000fe980000, 0x0000000100000000)
  eden space 263680K, 0% used [0x00000000e0000000,0x00000000e0000000,0x00000000f0180000)
  from space 106496K, 34% used [0x00000000f8180000,0x00000000fa50ed70,0x00000000fe980000)
  to   space 118784K, 0% used [0x00000000f0180000,0x00000000f0180000,0x00000000f7580000)
 ParOldGen       total 328704K, used 297730K [0x00000000a0000000, 0x00000000b4100000, 0x00000000e0000000)
  object space 328704K, 90% used [0x00000000a0000000,0x00000000b22c0a08,0x00000000b4100000)
 Metaspace       used 92781K, capacity 96090K, committed 96344K, reserved 1132544K
  class space    used 11890K, capacity 12615K, committed 12672K, reserved 1048576K

