# JRE version: OpenJDK Runtime Environment (8.0_152-b01) (build 1.8.0_152-release-1024-b01)
# Java VM: OpenJDK 64-Bit Server VM (25.152-b01 mixed mode linux-amd64 compressed oops)
Heap:
 PSYoungGen      total 418304K, used 4509K [0x00000000e0000000, 0x0000000100000000, 0x0000000100000000)
  eden space 312320K, 0% used [0x00000000e0000000,0x00000000e0000000,0x00000000f3100000)
  from space 105984K, 4% used [0x00000000f3100000,0x00000000f35676b0,0x00000000f9880000)
  to   space 105984K, 0% used [0x00000000f9880000,0x00000000f9880000,0x0000000100000000)
 ParOldGen       total 296448K, used 296225K [0x00000000a0000000, 0x00000000b2180000, 0x00000000e0000000)
  object space 296448K, 99% used [0x00000000a0000000,0x00000000b2148408,0x00000000b2180000)
 Metaspace       used 97689K, capacity 101180K, committed 101524K, reserved 1138688K
  class space    used 12423K, capacity 13171K, committed 13244K, reserved 1048576K
GC Heap History (10 events):
Event: 64.344 GC heap after
Heap after GC invocations=27 (full 4):
 PSYoungGen      total 344064K, used 45847K [0x00000000e0000000, 0x00000000fc980000, 0x0000000100000000)
  eden space 270848K, 0% used [0x00000000e0000000,0x00000000e0000000,0x00000000f0880000)
  from space 73216K, 62% used [0x00000000f0880000,0x00000000f3545fd8,0x00000000f5000000)
  to   space 76288K, 0% used [0x00000000f7f00000,0x00000000f7f00000,0x00000000fc980000)
 ParOldGen       total 296448K, used 160538K [0x00000000a0000000, 0x00000000b2180000, 0x00000000e0000000)
  object space 296448K, 54% used [0x00000000a0000000,0x00000000a9cc6ae0,0x00000000b2180000)
 Metaspace       used 83495K, capacity 86298K, committed 86420K, reserved 1124352K
  class space    used 10812K, capacity 11422K, committed 11452K, reserved 1048576K
}
Event: 65.405 GC heap before
{Heap before GC invocations=28 (full 4):
 PSYoungGen      total 344064K, used 316080K [0x00000000e0000000, 0x00000000fc980000, 0x0000000100000000)
  eden space 270848K, 99% used [0x00000000e0000000,0x00000000f07e62c8,0x00000000f0880000)
  from space 73216K, 62% used [0x00000000f0880000,0x00000000f3545fd8,0x00000000f5000000)
  to   space 76288K, 0% used [0x00000000f7f00000,0x00000000f7f00000,0x00000000fc980000)
 ParOldGen       total 296448K, used 160538K [0x00000000a0000000, 0x00000000b2180000, 0x00000000e0000000)
  object space 296448K, 54% used [0x00000000a0000000,0x00000000a9cc6ae0,0x00000000b2180000)
 Metaspace       used 83836K, capacity 86754K, committed 87060K, reserved 1124352K
  class space    used 10844K, capacity 11496K, committed 11580K, reserved 1048576K
Event: 65.424 GC heap after
Heap after GC invocations=28 (full 4):
 PSYoungGen      total 388096K, used 30971K [0x00000000e0000000, 0x00000000fc480000, 0x0000000100000000)
  eden space 316928K, 0% used [0x00000000e0000000,0x00000000e0000000,0x00000000f3580000)
  from space 71168K, 43% used [0x00000000f7f00000,0x00000000f9d3ecd0,0x00000000fc480000)
  to   space 73216K, 0% used [0x00000000f3580000,0x00000000f3580000,0x00000000f7d00000)
 ParOldGen       total 296448K, used 160546K [0x00000000a0000000, 0x00000000b2180000, 0x00000000e0000000)
  object space 296448K, 54% used [0x00000000a0000000,0x00000000a9cc8ae0,0x00000000b2180000)
 Metaspace       used 83836K, capacity 86754K, committed 87060K, reserved 1124352K
  class space    used 10844K, capacity 11496K, committed 11580K, reserved 1048576K
}
Event: 68.896 GC heap before
{Heap before GC invocations=29 (full 4):
 PSYoungGen      total 388096K, used 347899K [0x00000000e0000000, 0x00000000fc480000, 0x0000000100000000)
  eden space 316928K, 100% used [0x00000000e0000000,0x00000000f3580000,0x00000000f3580000)
  from space 71168K, 43% used [0x00000000f7f00000,0x00000000f9d3ecd0,0x00000000fc480000)
  to   space 73216K, 0% used [0x00000000f3580000,0x00000000f3580000,0x00000000f7d00000)
 ParOldGen       total 296448K, used 160546K [0x00000000a0000000, 0x00000000b2180000, 0x00000000e0000000)
  object space 296448K, 54% used [0x00000000a0000000,0x00000000a9cc8ae0,0x00000000b2180000)
 Metaspace       used 85854K, capacity 88740K, committed 88852K, reserved 1126400K
  class space    used 11108K, capacity 11733K, committed 11836K, reserved 1048576K
Event: 68.921 GC heap after
Heap after GC invocations=29 (full 4):
 PSYoungGen      total 390144K, used 30239K [0x00000000e0000000, 0x00000000fe280000, 0x0000000100000000)
  eden space 316928K, 0% used [0x00000000e0000000,0x00000000e0000000,0x00000000f3580000)
  from space 73216K, 41% used [0x00000000f3580000,0x00000000f5307c30,0x00000000f7d00000)
  to   space 70144K, 0% used [0x00000000f9e00000,0x00000000f9e00000,0x00000000fe280000)
 ParOldGen       total 296448K, used 160554K [0x00000000a0000000, 0x00000000b2180000, 0x00000000e0000000)
  object space 296448K, 54% used [0x00000000a0000000,0x00000000a9ccaae0,0x00000000b2180000)
 Metaspace       used 85854K, capacity 88740K, committed 88852K, reserved 1126400K
  class space    used 11108K, capacity 11733K, committed 11836K, reserved 1048576K
}
Event: 287.911 GC heap before
{Heap before GC invocations=30 (full 4):
 PSYoungGen      total 390144K, used 347167K [0x00000000e0000000, 0x00000000fe280000, 0x0000000100000000)
  eden space 316928K, 100% used [0x00000000e0000000,0x00000000f3580000,0x00000000f3580000)
  from space 73216K, 41% used [0x00000000f3580000,0x00000000f5307c30,0x00000000f7d00000)
  to   space 70144K, 0% used [0x00000000f9e00000,0x00000000f9e00000,0x00000000fe280000)
 ParOldGen       total 296448K, used 160554K [0x00000000a0000000, 0x00000000b2180000, 0x00000000e0000000)
  object space 296448K, 54% used [0x00000000a0000000,0x00000000a9ccaae0,0x00000000b2180000)
 Metaspace       used 92817K, capacity 96244K, committed 96532K, reserved 1132544K
  class space    used 11851K, capacity 12571K, committed 12604K, reserved 1048576K
Event: 288.049 GC heap after
Heap after GC invocations=30 (full 4):
 PSYoungGen      total 382464K, used 70142K [0x00000000e0000000, 0x0000000100000000, 0x0000000100000000)
  eden space 312320K, 0% used [0x00000000e0000000,0x00000000e0000000,0x00000000f3100000)
  from space 70144K, 99% used [0x00000000f9e00000,0x00000000fe27f8b8,0x00000000fe280000)
  to   space 105984K, 0% used [0x00000000f3100000,0x00000000f3100000,0x00000000f9880000)
 ParOldGen       total 296448K, used 226133K [0x00000000a0000000, 0x00000000b2180000, 0x00000000e0000000)
  object space 296448K, 76% used [0x00000000a0000000,0x00000000adcd5730,0x00000000b2180000)
 Metaspace       used 92817K, capacity 96244K, committed 96532K, reserved 1132544K
  class space    used 11851K, capacity 12571K, committed 12604K, reserved 1048576K
}
Event: 923.846 GC heap before
{Heap before GC invocations=31 (full 4):
 PSYoungGen      total 382464K, used 382462K [0x00000000e0000000, 0x0000000100000000, 0x0000000100000000)
  eden space 312320K, 100% used [0x00000000e0000000,0x00000000f3100000,0x00000000f3100000)
  from space 70144K, 99% used [0x00000000f9e00000,0x00000000fe27f8b8,0x00000000fe280000)
  to   space 105984K, 0% used [0x00000000f3100000,0x00000000f3100000,0x00000000f9880000)
 ParOldGen       total 296448K, used 226133K [0x00000000a0000000, 0x00000000b2180000, 0x00000000e0000000)
  object space 296448K, 76% used [0x00000000a0000000,0x00000000adcd5730,0x00000000b2180000)
 Metaspace       used 97710K, capacity 101230K, committed 101524K, reserved 1138688K
  class space    used 12431K, capacity 13184K, committed 13244K, reserved 1048576K
Event: 923.978 GC heap after
Heap after GC invocations=31 (full 4):
 PSYoungGen      total 418304K, used 105962K [0x00000000e0000000, 0x0000000100000000, 0x0000000100000000)
  eden space 312320K, 0% used [0x00000000e0000000,0x00000000e0000000,0x00000000f3100000)
  from space 105984K, 99% used [0x00000000f3100000,0x00000000f987a980,0x00000000f9880000)
  to   space 105984K, 0% used [0x00000000f9880000,0x00000000f9880000,0x0000000100000000)
 ParOldGen       total 296448K, used 261165K [0x00000000a0000000, 0x00000000b2180000, 0x00000000e0000000)
  object space 296448K, 88% used [0x00000000a0000000,0x00000000aff0b7b0,0x00000000b2180000)
 Metaspace       used 97710K, capacity 101230K, committed 101524K, reserved 1138688K
  class space    used 12431K, capacity 13184K, committed 13244K, reserved 1048576K
}
Event: 923.979 GC heap before
{Heap before GC invocations=32 (full 5):
 PSYoungGen      total 418304K, used 105962K [0x00000000e0000000, 0x0000000100000000, 0x0000000100000000)
  eden space 312320K, 0% used [0x00000000e0000000,0x00000000e0000000,0x00000000f3100000)
  from space 105984K, 99% used [0x00000000f3100000,0x00000000f987a980,0x00000000f9880000)
  to   space 105984K, 0% used [0x00000000f9880000,0x00000000f9880000,0x0000000100000000)
 ParOldGen       total 296448K, used 261165K [0x00000000a0000000, 0x00000000b2180000, 0x00000000e0000000)
  object space 296448K, 88% used [0x00000000a0000000,0x00000000aff0b7b0,0x00000000b2180000)
 Metaspace       used 97710K, capacity 101230K, committed 101524K, reserved 1138688K
  class space    used 12431K, capacity 13184K, committed 13244K, reserved 1048576K

